2020-06-13 15:22:49 INFO  restAPI:29 - ***** Started TC_Remote_Service_GetVoucherPromotion *****
2020-06-13 15:22:49 INFO  restAPI:30 - Test Data: 
2020-06-13 15:22:49 INFO  restAPI:31 - user id:90
2020-06-13 15:22:49 INFO  restAPI:32 - page:1
2020-06-13 15:22:58 INFO  restAPI:164 - ***** Finished TC_Remote_Service_GetVoucherPromotion *****
2020-06-13 15:24:30 INFO  restAPI:29 - ***** Started TC_Remote_Service_GetVoucherPromotion *****
2020-06-13 15:24:30 INFO  restAPI:30 - Test Data: 
2020-06-13 15:24:30 INFO  restAPI:31 - user id:91
2020-06-13 15:24:30 INFO  restAPI:32 - page:1
2020-06-13 15:24:38 INFO  restAPI:164 - ***** Finished TC_Remote_Service_GetVoucherPromotion *****
2020-06-13 15:25:50 INFO  restAPI:29 - ***** Started TC_Remote_Service_GetVoucherPromotion *****
2020-06-13 15:25:50 INFO  restAPI:30 - Test Data: 
2020-06-13 15:25:50 INFO  restAPI:31 - user id:93
2020-06-13 15:25:50 INFO  restAPI:32 - page:1
2020-06-13 15:25:59 INFO  restAPI:164 - ***** Finished TC_Remote_Service_GetVoucherPromotion *****
2020-06-13 15:28:07 INFO  restAPI:29 - ***** Started TC_Remote_Service_GetVoucherPromotion *****
2020-06-13 15:28:07 INFO  restAPI:30 - Test Data: 
2020-06-13 15:28:07 INFO  restAPI:31 - user id:94
2020-06-13 15:28:07 INFO  restAPI:32 - page:1
2020-06-13 15:28:16 INFO  restAPI:164 - ***** Finished TC_Remote_Service_GetVoucherPromotion *****
2020-06-13 15:29:56 INFO  restAPI:29 - ***** Started TC_Remote_Service_GetVoucherPromotion *****
2020-06-13 15:29:56 INFO  restAPI:30 - Test Data: 
2020-06-13 15:29:56 INFO  restAPI:31 - user id:95
2020-06-13 15:29:56 INFO  restAPI:32 - page:1
2020-06-13 15:30:06 INFO  restAPI:164 - ***** Finished TC_Remote_Service_GetVoucherPromotion *****
2020-06-13 15:31:52 INFO  restAPI:29 - ***** Started TC_Remote_Service_GetVoucherPromotion *****
2020-06-13 15:31:52 INFO  restAPI:30 - Test Data: 
2020-06-13 15:31:52 INFO  restAPI:31 - user id:96
2020-06-13 15:31:52 INFO  restAPI:32 - page:1
2020-06-13 15:32:01 INFO  restAPI:164 - ***** Finished TC_Remote_Service_GetVoucherPromotion *****
2020-06-13 15:34:17 INFO  restAPI:29 - ***** Started TC_Remote_Service_GetVoucherPromotion *****
2020-06-13 15:34:17 INFO  restAPI:30 - Test Data: 
2020-06-13 15:34:17 INFO  restAPI:31 - user id:97
2020-06-13 15:34:17 INFO  restAPI:32 - page:1
2020-06-13 15:34:27 INFO  restAPI:164 - ***** Finished TC_Remote_Service_GetVoucherPromotion *****
2020-06-13 15:38:55 INFO  restAPI:29 - ***** Started TC_Remote_Service_GetVoucherPromotion *****
2020-06-13 15:38:55 INFO  restAPI:30 - Test Data: 
2020-06-13 15:38:55 INFO  restAPI:31 - user id:98
2020-06-13 15:38:55 INFO  restAPI:32 - page:1
2020-06-13 15:39:04 INFO  restAPI:164 - ***** Finished TC_Remote_Service_GetVoucherPromotion *****
2020-06-13 15:41:51 INFO  restAPI:29 - ***** Started TC_Remote_Service_GetVoucherPromotion *****
2020-06-13 15:41:51 INFO  restAPI:30 - Test Data: 
2020-06-13 15:41:51 INFO  restAPI:31 - user id:99
2020-06-13 15:41:51 INFO  restAPI:32 - page:1
2020-06-13 15:41:58 INFO  restAPI:164 - ***** Finished TC_Remote_Service_GetVoucherPromotion *****
2020-06-13 16:00:26 INFO  restAPI:29 - ***** Started TC_Remote_Service_GetVoucherPromotion *****
2020-06-13 16:00:26 INFO  restAPI:30 - Test Data: 
2020-06-13 16:00:26 INFO  restAPI:31 - user id:100
2020-06-13 16:00:26 INFO  restAPI:32 - page:1
2020-06-13 16:00:35 INFO  restAPI:164 - ***** Finished TC_Remote_Service_GetVoucherPromotion *****
2020-06-13 16:01:37 INFO  restAPI:29 - ***** Started TC_Remote_Service_GetVoucherPromotion *****
2020-06-13 16:01:37 INFO  restAPI:30 - Test Data: 
2020-06-13 16:01:37 INFO  restAPI:31 - user id:101
2020-06-13 16:01:37 INFO  restAPI:32 - page:1
2020-06-13 16:01:45 INFO  restAPI:164 - ***** Finished TC_Remote_Service_GetVoucherPromotion *****
2020-06-13 16:05:14 INFO  restAPI:29 - ***** Started TC_Remote_Service_GetVoucherPromotion *****
2020-06-13 16:05:14 INFO  restAPI:30 - Test Data: 
2020-06-13 16:05:14 INFO  restAPI:31 - user id:102
2020-06-13 16:05:14 INFO  restAPI:32 - page:1
2020-06-13 16:05:18 INFO  restAPI:164 - ***** Finished TC_Remote_Service_GetVoucherPromotion *****
2020-06-13 16:21:07 INFO  restAPI:214 - ***** Started TC_Recent_Phone_Number *****
2020-06-13 16:21:07 INFO  restAPI:215 - Test Data: 
2020-06-13 16:21:07 INFO  restAPI:216 - id:103
2020-06-13 16:21:07 INFO  restAPI:217 - pin:123456
2020-06-13 16:25:19 INFO  restAPI:214 - ***** Started TC_Recent_Phone_Number *****
2020-06-13 16:25:19 INFO  restAPI:215 - Test Data: 
2020-06-13 16:25:19 INFO  restAPI:216 - id:104
2020-06-13 16:25:19 INFO  restAPI:217 - pin:123456
2020-06-13 16:28:38 INFO  restAPI:214 - ***** Started TC_Recent_Phone_Number *****
2020-06-13 16:28:38 INFO  restAPI:215 - Test Data: 
2020-06-13 16:28:38 INFO  restAPI:216 - id:105
2020-06-13 16:28:38 INFO  restAPI:217 - pin:123456
2020-06-13 16:29:43 INFO  restAPI:214 - ***** Started TC_Recent_Phone_Number *****
2020-06-13 16:29:43 INFO  restAPI:215 - Test Data: 
2020-06-13 16:29:43 INFO  restAPI:216 - id:106
2020-06-13 16:29:43 INFO  restAPI:217 - pin:123456
2020-06-13 16:30:33 INFO  restAPI:214 - ***** Started TC_Recent_Phone_Number *****
2020-06-13 16:30:33 INFO  restAPI:215 - Test Data: 
2020-06-13 16:30:33 INFO  restAPI:216 - id:107
2020-06-13 16:30:33 INFO  restAPI:217 - pin:123456
2020-06-13 16:30:40 INFO  restAPI:371 - ***** Started TC_Recent_Phone_Number *****
2020-06-13 16:30:40 INFO  restAPI:372 - Test Data: 
2020-06-13 16:30:40 INFO  restAPI:373 - session id:null
2020-06-13 16:30:45 INFO  restAPI:328 - ***** Started TC_Recent_Phone_Number *****
2020-06-13 16:30:46 INFO  restAPI:164 - ***** Finished TC_Recent_Phone_Number *****
2020-06-13 16:31:39 INFO  restAPI:214 - ***** Started TC_Recent_Phone_Number *****
2020-06-13 16:31:39 INFO  restAPI:215 - Test Data: 
2020-06-13 16:31:39 INFO  restAPI:216 - id:108
2020-06-13 16:31:39 INFO  restAPI:217 - pin:123456
2020-06-13 16:31:48 INFO  restAPI:371 - ***** Started TC_Recent_Phone_Number *****
2020-06-13 16:31:48 INFO  restAPI:372 - Test Data: 
2020-06-13 16:31:48 INFO  restAPI:373 - session id:5E0EF94F6567F6A973967A337D797317
2020-06-13 16:31:55 INFO  restAPI:328 - ***** Started TC_Recent_Phone_Number *****
2020-06-13 16:31:55 INFO  restAPI:164 - ***** Finished TC_Recent_Phone_Number *****
2020-06-13 16:33:15 INFO  restAPI:214 - ***** Started TC_Recent_Phone_Number *****
2020-06-13 16:33:15 INFO  restAPI:215 - Test Data: 
2020-06-13 16:33:15 INFO  restAPI:216 - id:109
2020-06-13 16:33:15 INFO  restAPI:217 - pin:123456
2020-06-13 16:33:23 INFO  restAPI:371 - ***** Started TC_Recent_Phone_Number *****
2020-06-13 16:33:23 INFO  restAPI:372 - Test Data: 
2020-06-13 16:33:23 INFO  restAPI:373 - session id:76EFD6E0D0CA3B7C284EA8EDDE7BEC07
2020-06-13 16:33:34 INFO  restAPI:88 - ***** Check Status Code *****
2020-06-13 16:33:34 INFO  restAPI:91 - Status Code = 500
2020-06-13 16:33:39 INFO  restAPI:328 - ***** Started TC_Recent_Phone_Number *****
2020-06-13 16:33:40 INFO  restAPI:164 - ***** Finished TC_Recent_Phone_Number *****
2020-06-13 20:06:59 INFO  restAPI:34 - ***** Started TC_Remote_Service_GetVoucherPromotion *****
2020-06-13 20:06:59 INFO  restAPI:35 - Test Data: 
2020-06-13 20:06:59 INFO  restAPI:36 - user id:112
2020-06-13 20:06:59 INFO  restAPI:37 - page:9999
2020-06-13 20:07:20 INFO  restAPI:34 - ***** Started TC_Remote_Service_GetVoucherPromotion *****
2020-06-13 20:07:20 INFO  restAPI:35 - Test Data: 
2020-06-13 20:07:20 INFO  restAPI:36 - user id:
2020-06-13 20:07:20 INFO  restAPI:37 - page:1
2020-06-13 20:07:42 INFO  restAPI:34 - ***** Started TC_Remote_Service_GetVoucherPromotion *****
2020-06-13 20:07:42 INFO  restAPI:35 - Test Data: 
2020-06-13 20:07:42 INFO  restAPI:36 - user id:114
2020-06-13 20:07:42 INFO  restAPI:37 - page:1
2020-06-13 20:08:04 INFO  restAPI:34 - ***** Started TC_Remote_Service_GetVoucherPromotion *****
2020-06-13 20:08:04 INFO  restAPI:35 - Test Data: 
2020-06-13 20:08:04 INFO  restAPI:36 - user id:9999
2020-06-13 20:08:04 INFO  restAPI:37 - page:1
2020-06-13 20:08:26 INFO  restAPI:34 - ***** Started TC_Remote_Service_GetVoucherPromotion *****
2020-06-13 20:08:26 INFO  restAPI:35 - Test Data: 
2020-06-13 20:08:26 INFO  restAPI:36 - user id:116
2020-06-13 20:08:26 INFO  restAPI:37 - page:
2020-06-13 20:08:33 INFO  restAPI:164 - ***** Finished TC_Remote_Service_GetVoucherPromotion *****
2020-06-13 20:08:33 INFO  restAPI:164 - ***** Finished TC_Remote_Service_GetVoucherPromotion *****
2020-06-13 20:08:39 INFO  restAPI:164 - ***** Finished TC_Remote_Service_GetVoucherPromotion *****
2020-06-13 20:08:44 INFO  restAPI:164 - ***** Finished TC_Remote_Service_GetVoucherPromotion *****
2020-06-13 20:08:44 INFO  restAPI:164 - ***** Finished TC_Remote_Service_GetVoucherPromotion *****
2020-06-14 11:17:33 INFO  restAPI:58 - ***** Started TC_Remote_Service_GetVoucherPromotion *****
2020-06-14 11:18:32 INFO  restAPI:58 - ***** Started TC_Remote_Service_GetVoucherPromotion *****
2020-06-14 11:18:53 INFO  restAPI:38 - Call Get Promotion Voucher API [Promotion Domain]
2020-06-14 11:18:53 INFO  restAPI:39 - Test Data: 
2020-06-14 11:18:53 INFO  restAPI:40 - user id:124
2020-06-14 11:18:53 INFO  restAPI:41 - page:9999
2020-06-14 11:18:58 INFO  restAPI:53 - []
2020-06-14 11:18:58 INFO  restAPI:58 - ***** Started TC_Remote_Service_GetVoucherPromotion *****
2020-06-14 11:19:18 INFO  restAPI:38 - Call Get Promotion Voucher API [Promotion Domain]
2020-06-14 11:19:18 INFO  restAPI:39 - Test Data: 
2020-06-14 11:19:18 INFO  restAPI:40 - user id:
2020-06-14 11:19:18 INFO  restAPI:41 - page:1
2020-06-14 11:19:21 INFO  restAPI:53 - Unexpected character (',' (code 44)): expected a valid value (JSON String, Number, Array, Object or token 'null', 'true' or 'false')
 at [Source: (String)"{"userId":,"page":1}"; line: 1, column: 12]
2020-06-14 11:19:21 INFO  restAPI:58 - ***** Started TC_Remote_Service_GetVoucherPromotion *****
2020-06-14 11:19:44 INFO  restAPI:38 - Call Get Promotion Voucher API [Promotion Domain]
2020-06-14 11:19:44 INFO  restAPI:39 - Test Data: 
2020-06-14 11:19:44 INFO  restAPI:40 - user id:126
2020-06-14 11:19:44 INFO  restAPI:41 - page:1
2020-06-14 11:19:47 INFO  restAPI:53 - [{"id":7,"name":"Diskon 5% (max Rp 5.000) buat beli pulsa","voucherTypeName":"discount","filePath":"https://res.cloudinary.com/darwmcfjo/image/upload/v1591548482/WhatsApp_Image_2020-05-30_at_7.27.48_PM_nessez.jpg","expiryDate":1374278400000},{"id":8,"name":"Diskon 10% (max Rp 10.000) buat beli pulsa","voucherTypeName":"discount","filePath":"https://res.cloudinary.com/darwmcfjo/image/upload/v1591548482/WhatsApp_Image_2020-05-30_at_7.27.48_PM_nessez.jpg","expiryDate":1405814400000},{"id":9,"name":"Diskon 15% (max Rp 15.000) buat beli pulsa","voucherTypeName":"discount","filePath":"https://res.cloudinary.com/darwmcfjo/image/upload/v1591548482/WhatsApp_Image_2020-05-30_at_7.27.48_PM_nessez.jpg","expiryDate":1437350400000},{"id":10,"name":"Diskon 20% (max Rp 20.000) buat beli pulsa","voucherTypeName":"discount","filePath":"https://res.cloudinary.com/darwmcfjo/image/upload/v1591548482/WhatsApp_Image_2020-05-30_at_7.27.48_PM_nessez.jpg","expiryDate":1468972800000},{"id":11,"name":"Diskon 25% (max Rp 25.000) buat beli pulsa","voucherTypeName":"discount","filePath":"https://res.cloudinary.com/darwmcfjo/image/upload/v1591548482/WhatsApp_Image_2020-05-30_at_7.27.48_PM_nessez.jpg","expiryDate":1500508800000},{"id":12,"name":"Diskon 30% (max Rp 30.000) buat beli pulsa","voucherTypeName":"discount","filePath":"https://res.cloudinary.com/darwmcfjo/image/upload/v1591548482/WhatsApp_Image_2020-05-30_at_7.27.48_PM_nessez.jpg","expiryDate":1532044800000},{"id":13,"name":"Diskon 35% (max Rp 35.000) buat beli pulsa","voucherTypeName":"discount","filePath":"https://res.cloudinary.com/darwmcfjo/image/upload/v1591548482/WhatsApp_Image_2020-05-30_at_7.27.48_PM_nessez.jpg","expiryDate":1563580800000},{"id":14,"name":"Diskon 40% (max Rp 50.000) buat beli pulsa","voucherTypeName":"discount","filePath":"https://res.cloudinary.com/darwmcfjo/image/upload/v1591548482/WhatsApp_Image_2020-05-30_at_7.27.48_PM_nessez.jpg","expiryDate":1595203200000},{"id":15,"name":"Diskon 45% (max Rp 75.000) buat beli pulsa","voucherTypeName":"discount","filePath":"https://res.cloudinary.com/darwmcfjo/image/upload/v1591548482/WhatsApp_Image_2020-05-30_at_7.27.48_PM_nessez.jpg","expiryDate":1626739200000},{"id":16,"name":"Diskon 50% (max Rp 100.000) buat beli pulsa","voucherTypeName":"discount","filePath":"https://res.cloudinary.com/darwmcfjo/image/upload/v1591548482/WhatsApp_Image_2020-05-30_at_7.27.48_PM_nessez.jpg","expiryDate":1658275200000}]
2020-06-14 11:19:47 INFO  restAPI:58 - ***** Started TC_Remote_Service_GetVoucherPromotion *****
2020-06-14 11:20:09 INFO  restAPI:38 - Call Get Promotion Voucher API [Promotion Domain]
2020-06-14 11:20:09 INFO  restAPI:39 - Test Data: 
2020-06-14 11:20:09 INFO  restAPI:40 - user id:9999
2020-06-14 11:20:09 INFO  restAPI:41 - page:1
2020-06-14 11:20:11 INFO  restAPI:53 - [{"id":7,"name":"Diskon 5% (max Rp 5.000) buat beli pulsa","voucherTypeName":"discount","filePath":"https://res.cloudinary.com/darwmcfjo/image/upload/v1591548482/WhatsApp_Image_2020-05-30_at_7.27.48_PM_nessez.jpg","expiryDate":1374278400000},{"id":8,"name":"Diskon 10% (max Rp 10.000) buat beli pulsa","voucherTypeName":"discount","filePath":"https://res.cloudinary.com/darwmcfjo/image/upload/v1591548482/WhatsApp_Image_2020-05-30_at_7.27.48_PM_nessez.jpg","expiryDate":1405814400000},{"id":9,"name":"Diskon 15% (max Rp 15.000) buat beli pulsa","voucherTypeName":"discount","filePath":"https://res.cloudinary.com/darwmcfjo/image/upload/v1591548482/WhatsApp_Image_2020-05-30_at_7.27.48_PM_nessez.jpg","expiryDate":1437350400000},{"id":10,"name":"Diskon 20% (max Rp 20.000) buat beli pulsa","voucherTypeName":"discount","filePath":"https://res.cloudinary.com/darwmcfjo/image/upload/v1591548482/WhatsApp_Image_2020-05-30_at_7.27.48_PM_nessez.jpg","expiryDate":1468972800000},{"id":11,"name":"Diskon 25% (max Rp 25.000) buat beli pulsa","voucherTypeName":"discount","filePath":"https://res.cloudinary.com/darwmcfjo/image/upload/v1591548482/WhatsApp_Image_2020-05-30_at_7.27.48_PM_nessez.jpg","expiryDate":1500508800000},{"id":12,"name":"Diskon 30% (max Rp 30.000) buat beli pulsa","voucherTypeName":"discount","filePath":"https://res.cloudinary.com/darwmcfjo/image/upload/v1591548482/WhatsApp_Image_2020-05-30_at_7.27.48_PM_nessez.jpg","expiryDate":1532044800000},{"id":13,"name":"Diskon 35% (max Rp 35.000) buat beli pulsa","voucherTypeName":"discount","filePath":"https://res.cloudinary.com/darwmcfjo/image/upload/v1591548482/WhatsApp_Image_2020-05-30_at_7.27.48_PM_nessez.jpg","expiryDate":1563580800000},{"id":14,"name":"Diskon 40% (max Rp 50.000) buat beli pulsa","voucherTypeName":"discount","filePath":"https://res.cloudinary.com/darwmcfjo/image/upload/v1591548482/WhatsApp_Image_2020-05-30_at_7.27.48_PM_nessez.jpg","expiryDate":1595203200000},{"id":15,"name":"Diskon 45% (max Rp 75.000) buat beli pulsa","voucherTypeName":"discount","filePath":"https://res.cloudinary.com/darwmcfjo/image/upload/v1591548482/WhatsApp_Image_2020-05-30_at_7.27.48_PM_nessez.jpg","expiryDate":1626739200000},{"id":16,"name":"Diskon 50% (max Rp 100.000) buat beli pulsa","voucherTypeName":"discount","filePath":"https://res.cloudinary.com/darwmcfjo/image/upload/v1591548482/WhatsApp_Image_2020-05-30_at_7.27.48_PM_nessez.jpg","expiryDate":1658275200000}]
2020-06-14 11:20:11 INFO  restAPI:58 - ***** Started TC_Remote_Service_GetVoucherPromotion *****
2020-06-14 11:20:31 INFO  restAPI:38 - Call Get Promotion Voucher API [Promotion Domain]
2020-06-14 11:20:31 INFO  restAPI:39 - Test Data: 
2020-06-14 11:20:31 INFO  restAPI:40 - user id:128
2020-06-14 11:20:31 INFO  restAPI:41 - page:
2020-06-14 11:20:33 INFO  restAPI:53 - Unexpected character ('}' (code 125)): expected a valid value (JSON String, Number, Array, Object or token 'null', 'true' or 'false')
 at [Source: (String)"{"userId":128,"page":}"; line: 1, column: 23]
2020-06-14 11:20:38 INFO  restAPI:175 - ***** Finished TC_Remote_Service_GetVoucherPromotion *****
2020-06-14 11:20:38 INFO  restAPI:175 - ***** Finished TC_Remote_Service_GetVoucherPromotion *****
2020-06-14 11:20:43 INFO  restAPI:175 - ***** Finished TC_Remote_Service_GetVoucherPromotion *****
2020-06-14 11:20:47 INFO  restAPI:175 - ***** Finished TC_Remote_Service_GetVoucherPromotion *****
2020-06-14 11:20:47 INFO  restAPI:175 - ***** Finished TC_Remote_Service_GetVoucherPromotion *****
2020-06-14 11:38:12 INFO  restAPI:58 - ***** Started TC_Remote_Service_GetVoucherPromotion *****
2020-06-14 11:38:35 INFO  restAPI:38 - Call Get Promotion Voucher API [Promotion Domain]
2020-06-14 11:38:35 INFO  restAPI:39 - Test Data: 
2020-06-14 11:38:35 INFO  restAPI:40 - user id:129
2020-06-14 11:38:35 INFO  restAPI:41 - page:9999
2020-06-14 11:38:38 INFO  restAPI:53 - {"timestamp":"2020-06-14T04:38:38.203+00:00","status":500,"error":"Internal Server Error","message":"","path":"/test"}
2020-06-14 11:38:38 INFO  restAPI:175 - ***** Finished TC_Remote_Service_GetVoucherPromotion *****
